# JRE version: Java(TM) SE Runtime Environment (8.0_73-b02) (build 1.8.0_73-b02)
# Java VM: Java HotSpot(TM) 64-Bit Server VM (25.73-b02 mixed mode windows-amd64 compressed oops)
Heap:
 PSYoungGen      total 205824K, used 167249K [0x00000000eab00000, 0x00000000fb380000, 0x0000000100000000)
  eden space 195072K, 82% used [0x00000000eab00000,0x00000000f4830ba0,0x00000000f6980000)
  from space 10752K, 58% used [0x00000000f7c00000,0x00000000f82238d8,0x00000000f8680000)
  to   space 18944K, 0% used [0x00000000f6980000,0x00000000f6980000,0x00000000f7c00000)
 ParOldGen       total 85504K, used 41589K [0x00000000c0000000, 0x00000000c5380000, 0x00000000eab00000)
  object space 85504K, 48% used [0x00000000c0000000,0x00000000c289d4d0,0x00000000c5380000)
 Metaspace       used 53235K, capacity 55566K, committed 55680K, reserved 1097728K
  class space    used 7250K, capacity 7770K, committed 7808K, reserved 1048576K
GC Heap History (10 events):
Event: 11.998 GC heap before
{Heap before GC invocations=13 (full 2):
 PSYoungGen      total 156672K, used 1942K [0x00000000eab00000, 0x00000000f9280000, 0x0000000100000000)
  eden space 141824K, 0% used [0x00000000eab00000,0x00000000eab00000,0x00000000f3580000)
  from space 14848K, 13% used [0x00000000f3580000,0x00000000f3765b78,0x00000000f4400000)
  to   space 14848K, 0% used [0x00000000f8400000,0x00000000f8400000,0x00000000f9280000)
 ParOldGen       total 54784K, used 17616K [0x00000000c0000000, 0x00000000c3580000, 0x00000000eab00000)
  object space 54784K, 32% used [0x00000000c0000000,0x00000000c1134068,0x00000000c3580000)
 Metaspace       used 34746K, capacity 35414K, committed 35496K, reserved 1079296K
  class space    used 4612K, capacity 4833K, committed 4864K, reserved 1048576K
Event: 12.105 GC heap after
Heap after GC invocations=13 (full 2):
 PSYoungGen      total 156672K, used 0K [0x00000000eab00000, 0x00000000f9280000, 0x0000000100000000)
  eden space 141824K, 0% used [0x00000000eab00000,0x00000000eab00000,0x00000000f3580000)
  from space 14848K, 0% used [0x00000000f3580000,0x00000000f3580000,0x00000000f4400000)
  to   space 14848K, 0% used [0x00000000f8400000,0x00000000f8400000,0x00000000f9280000)
 ParOldGen       total 85504K, used 16902K [0x00000000c0000000, 0x00000000c5380000, 0x00000000eab00000)
  object space 85504K, 19% used [0x00000000c0000000,0x00000000c10818e0,0x00000000c5380000)
 Metaspace       used 34723K, capacity 35386K, committed 35496K, reserved 1079296K
  class space    used 4605K, capacity 4825K, committed 4864K, reserved 1048576K
}
Event: 13.750 GC heap before
{Heap before GC invocations=14 (full 2):
 PSYoungGen      total 156672K, used 141824K [0x00000000eab00000, 0x00000000f9280000, 0x0000000100000000)
  eden space 141824K, 100% used [0x00000000eab00000,0x00000000f3580000,0x00000000f3580000)
  from space 14848K, 0% used [0x00000000f3580000,0x00000000f3580000,0x00000000f4400000)
  to   space 14848K, 0% used [0x00000000f8400000,0x00000000f8400000,0x00000000f9280000)
 ParOldGen       total 85504K, used 16902K [0x00000000c0000000, 0x00000000c5380000, 0x00000000eab00000)
  object space 85504K, 19% used [0x00000000c0000000,0x00000000c10818e0,0x00000000c5380000)
 Metaspace       used 44242K, capacity 45176K, committed 45440K, reserved 1089536K
  class space    used 5997K, capacity 6229K, committed 6272K, reserved 1048576K
Event: 13.769 GC heap after
Heap after GC invocations=14 (full 2):
 PSYoungGen      total 199680K, used 14828K [0x00000000eab00000, 0x00000000f9280000, 0x0000000100000000)
  eden space 184832K, 0% used [0x00000000eab00000,0x00000000eab00000,0x00000000f5f80000)
  from space 14848K, 99% used [0x00000000f8400000,0x00000000f927b0d8,0x00000000f9280000)
  to   space 18432K, 0% used [0x00000000f6e80000,0x00000000f6e80000,0x00000000f8080000)
 ParOldGen       total 85504K, used 19880K [0x00000000c0000000, 0x00000000c5380000, 0x00000000eab00000)
  object space 85504K, 23% used [0x00000000c0000000,0x00000000c136a2b8,0x00000000c5380000)
 Metaspace       used 44242K, capacity 45176K, committed 45440K, reserved 1089536K
  class space    used 5997K, capacity 6229K, committed 6272K, reserved 1048576K
}
Event: 15.166 GC heap before
{Heap before GC invocations=15 (full 2):
 PSYoungGen      total 199680K, used 138188K [0x00000000eab00000, 0x00000000f9280000, 0x0000000100000000)
  eden space 184832K, 66% used [0x00000000eab00000,0x00000000f23782c8,0x00000000f5f80000)
  from space 14848K, 99% used [0x00000000f8400000,0x00000000f927b0d8,0x00000000f9280000)
  to   space 18432K, 0% used [0x00000000f6e80000,0x00000000f6e80000,0x00000000f8080000)
 ParOldGen       total 85504K, used 19880K [0x00000000c0000000, 0x00000000c5380000, 0x00000000eab00000)
  object space 85504K, 23% used [0x00000000c0000000,0x00000000c136a2b8,0x00000000c5380000)
 Metaspace       used 48552K, capacity 50264K, committed 50432K, reserved 1093632K
  class space    used 6701K, capacity 7105K, committed 7168K, reserved 1048576K
Event: 15.196 GC heap after
Heap after GC invocations=15 (full 2):
 PSYoungGen      total 198656K, used 13647K [0x00000000eab00000, 0x00000000f8680000, 0x0000000100000000)
  eden space 184832K, 0% used [0x00000000eab00000,0x00000000eab00000,0x00000000f5f80000)
  from space 13824K, 98% used [0x00000000f6e80000,0x00000000f7bd3dd0,0x00000000f7c00000)
  to   space 10752K, 0% used [0x00000000f7c00000,0x00000000f7c00000,0x00000000f8680000)
 ParOldGen       total 85504K, used 32719K [0x00000000c0000000, 0x00000000c5380000, 0x00000000eab00000)
  object space 85504K, 38% used [0x00000000c0000000,0x00000000c1ff3dc0,0x00000000c5380000)
 Metaspace       used 48552K, capacity 50264K, committed 50432K, reserved 1093632K
  class space    used 6701K, capacity 7105K, committed 7168K, reserved 1048576K
}
Event: 15.196 GC heap before
{Heap before GC invocations=16 (full 3):
 PSYoungGen      total 198656K, used 13647K [0x00000000eab00000, 0x00000000f8680000, 0x0000000100000000)
  eden space 184832K, 0% used [0x00000000eab00000,0x00000000eab00000,0x00000000f5f80000)
  from space 13824K, 98% used [0x00000000f6e80000,0x00000000f7bd3dd0,0x00000000f7c00000)
  to   space 10752K, 0% used [0x00000000f7c00000,0x00000000f7c00000,0x00000000f8680000)
 ParOldGen       total 85504K, used 32719K [0x00000000c0000000, 0x00000000c5380000, 0x00000000eab00000)
  object space 85504K, 38% used [0x00000000c0000000,0x00000000c1ff3dc0,0x00000000c5380000)
 Metaspace       used 48552K, capacity 50264K, committed 50432K, reserved 1093632K
  class space    used 6701K, capacity 7105K, committed 7168K, reserved 1048576K
Event: 15.493 GC heap after
Heap after GC invocations=16 (full 3):
 PSYoungGen      total 198656K, used 0K [0x00000000eab00000, 0x00000000f8680000, 0x0000000100000000)
  eden space 184832K, 0% used [0x00000000eab00000,0x00000000eab00000,0x00000000f5f80000)
  from space 13824K, 0% used [0x00000000f6e80000,0x00000000f6e80000,0x00000000f7c00000)
  to   space 10752K, 0% used [0x00000000f7c00000,0x00000000f7c00000,0x00000000f8680000)
 ParOldGen       total 85504K, used 41581K [0x00000000c0000000, 0x00000000c5380000, 0x00000000eab00000)
  object space 85504K, 48% used [0x00000000c0000000,0x00000000c289b4d0,0x00000000c5380000)
 Metaspace       used 48552K, capacity 50264K, committed 50432K, reserved 1093632K
  class space    used 6701K, capacity 7105K, committed 7168K, reserved 1048576K
}
Event: 2017.551 GC heap before
{Heap before GC invocations=17 (full 3):
 PSYoungGen      total 198656K, used 184832K [0x00000000eab00000, 0x00000000f8680000, 0x0000000100000000)
  eden space 184832K, 100% used [0x00000000eab00000,0x00000000f5f80000,0x00000000f5f80000)
  from space 13824K, 0% used [0x00000000f6e80000,0x00000000f6e80000,0x00000000f7c00000)
  to   space 10752K, 0% used [0x00000000f7c00000,0x00000000f7c00000,0x00000000f8680000)
 ParOldGen       total 85504K, used 41581K [0x00000000c0000000, 0x00000000c5380000, 0x00000000eab00000)
  object space 85504K, 48% used [0x00000000c0000000,0x00000000c289b4d0,0x00000000c5380000)
 Metaspace       used 51136K, capacity 53152K, committed 53376K, reserved 1095680K
  class space    used 7008K, capacity 7454K, committed 7552K, reserved 1048576K
Event: 2017.558 GC heap after
Heap after GC invocations=17 (full 3):
 PSYoungGen      total 205824K, used 6286K [0x00000000eab00000, 0x00000000fb380000, 0x0000000100000000)
  eden space 195072K, 0% used [0x00000000eab00000,0x00000000eab00000,0x00000000f6980000)
  from space 10752K, 58% used [0x00000000f7c00000,0x00000000f82238d8,0x00000000f8680000)
  to   space 18944K, 0% used [0x00000000f6980000,0x00000000f6980000,0x00000000f7c00000)
 ParOldGen       total 85504K, used 41589K [0x00000000c0000000, 0x00000000c5380000, 0x00000000eab00000)
  object space 85504K, 48% used [0x00000000c0000000,0x00000000c289d4d0,0x00000000c5380000)
 Metaspace       used 51136K, capacity 53152K, committed 53376K, reserved 1095680K
  class space    used 7008K, capacity 7454K, committed 7552K, reserved 1048576K
}

