# JRE version: Java(TM) SE Runtime Environment (8.0_73-b02) (build 1.8.0_73-b02)
# Java VM: Java HotSpot(TM) 64-Bit Server VM (25.73-b02 mixed mode windows-amd64 compressed oops)
Heap:
 PSYoungGen      total 140288K, used 102144K [0x00000000eab00000, 0x00000000f7080000, 0x0000000100000000)
  eden space 126464K, 80% used [0x00000000eab00000,0x00000000f0ec0050,0x00000000f2680000)
  from space 13824K, 0% used [0x00000000f2680000,0x00000000f2680000,0x00000000f3400000)
  to   space 13312K, 0% used [0x00000000f6380000,0x00000000f6380000,0x00000000f7080000)
 ParOldGen       total 90624K, used 18866K [0x00000000c0000000, 0x00000000c5880000, 0x00000000eab00000)
  object space 90624K, 20% used [0x00000000c0000000,0x00000000c126c960,0x00000000c5880000)
 Metaspace       used 43870K, capacity 44864K, committed 45056K, reserved 1087488K
  class space    used 5830K, capacity 6081K, committed 6144K, reserved 1048576K
GC Heap History (10 events):
Event: 6.363 GC heap before
{Heap before GC invocations=9 (full 1):
 PSYoungGen      total 66560K, used 57216K [0x00000000eab00000, 0x00000000f1a80000, 0x0000000100000000)
  eden space 55296K, 100% used [0x00000000eab00000,0x00000000ee100000,0x00000000ee100000)
  from space 11264K, 17% used [0x00000000ee100000,0x00000000ee2e0020,0x00000000eec00000)
  to   space 11264K, 0% used [0x00000000f0f80000,0x00000000f0f80000,0x00000000f1a80000)
 ParOldGen       total 58880K, used 10424K [0x00000000c0000000, 0x00000000c3980000, 0x00000000eab00000)
  object space 58880K, 17% used [0x00000000c0000000,0x00000000c0a2e260,0x00000000c3980000)
 Metaspace       used 21219K, capacity 21618K, committed 21888K, reserved 1069056K
  class space    used 2759K, capacity 2891K, committed 2944K, reserved 1048576K
Event: 6.365 GC heap after
Heap after GC invocations=9 (full 1):
 PSYoungGen      total 103424K, used 2544K [0x00000000eab00000, 0x00000000f1b00000, 0x0000000100000000)
  eden space 92160K, 0% used [0x00000000eab00000,0x00000000eab00000,0x00000000f0500000)
  from space 11264K, 22% used [0x00000000f0f80000,0x00000000f11fc030,0x00000000f1a80000)
  to   space 10752K, 0% used [0x00000000f0500000,0x00000000f0500000,0x00000000f0f80000)
 ParOldGen       total 58880K, used 10424K [0x00000000c0000000, 0x00000000c3980000, 0x00000000eab00000)
  object space 58880K, 17% used [0x00000000c0000000,0x00000000c0a2e260,0x00000000c3980000)
 Metaspace       used 21219K, capacity 21618K, committed 21888K, reserved 1069056K
  class space    used 2759K, capacity 2891K, committed 2944K, reserved 1048576K
}
Event: 7.321 GC heap before
{Heap before GC invocations=10 (full 1):
 PSYoungGen      total 103424K, used 94704K [0x00000000eab00000, 0x00000000f1b00000, 0x0000000100000000)
  eden space 92160K, 100% used [0x00000000eab00000,0x00000000f0500000,0x00000000f0500000)
  from space 11264K, 22% used [0x00000000f0f80000,0x00000000f11fc030,0x00000000f1a80000)
  to   space 10752K, 0% used [0x00000000f0500000,0x00000000f0500000,0x00000000f0f80000)
 ParOldGen       total 58880K, used 10424K [0x00000000c0000000, 0x00000000c3980000, 0x00000000eab00000)
  object space 58880K, 17% used [0x00000000c0000000,0x00000000c0a2e260,0x00000000c3980000)
 Metaspace       used 25953K, capacity 26532K, committed 26752K, reserved 1073152K
  class space    used 3446K, capacity 3620K, committed 3712K, reserved 1048576K
Event: 7.330 GC heap after
Heap after GC invocations=10 (full 1):
 PSYoungGen      total 102912K, used 9003K [0x00000000eab00000, 0x00000000f4100000, 0x0000000100000000)
  eden space 92160K, 0% used [0x00000000eab00000,0x00000000eab00000,0x00000000f0500000)
  from space 10752K, 83% used [0x00000000f0500000,0x00000000f0dcacf8,0x00000000f0f80000)
  to   space 12288K, 0% used [0x00000000f3500000,0x00000000f3500000,0x00000000f4100000)
 ParOldGen       total 58880K, used 10880K [0x00000000c0000000, 0x00000000c3980000, 0x00000000eab00000)
  object space 58880K, 18% used [0x00000000c0000000,0x00000000c0aa0290,0x00000000c3980000)
 Metaspace       used 25953K, capacity 26532K, committed 26752K, reserved 1073152K
  class space    used 3446K, capacity 3620K, committed 3712K, reserved 1048576K
}
Event: 9.583 GC heap before
{Heap before GC invocations=11 (full 1):
 PSYoungGen      total 102912K, used 101163K [0x00000000eab00000, 0x00000000f4100000, 0x0000000100000000)
  eden space 92160K, 100% used [0x00000000eab00000,0x00000000f0500000,0x00000000f0500000)
  from space 10752K, 83% used [0x00000000f0500000,0x00000000f0dcacf8,0x00000000f0f80000)
  to   space 12288K, 0% used [0x00000000f3500000,0x00000000f3500000,0x00000000f4100000)
 ParOldGen       total 58880K, used 10880K [0x00000000c0000000, 0x00000000c3980000, 0x00000000eab00000)
  object space 58880K, 18% used [0x00000000c0000000,0x00000000c0aa0290,0x00000000c3980000)
 Metaspace       used 30960K, capacity 31532K, committed 31744K, reserved 1077248K
  class space    used 4086K, capacity 4237K, committed 4352K, reserved 1048576K
Event: 9.592 GC heap after
Heap after GC invocations=11 (full 1):
 PSYoungGen      total 138752K, used 11124K [0x00000000eab00000, 0x00000000f4180000, 0x0000000100000000)
  eden space 126464K, 0% used [0x00000000eab00000,0x00000000eab00000,0x00000000f2680000)
  from space 12288K, 90% used [0x00000000f3500000,0x00000000f3fdd370,0x00000000f4100000)
  to   space 13824K, 0% used [0x00000000f2680000,0x00000000f2680000,0x00000000f3400000)
 ParOldGen       total 58880K, used 11216K [0x00000000c0000000, 0x00000000c3980000, 0x00000000eab00000)
  object space 58880K, 19% used [0x00000000c0000000,0x00000000c0af42a0,0x00000000c3980000)
 Metaspace       used 30960K, capacity 31532K, committed 31744K, reserved 1077248K
  class space    used 4086K, capacity 4237K, committed 4352K, reserved 1048576K
}
Event: 10.254 GC heap before
{Heap before GC invocations=12 (full 1):
 PSYoungGen      total 138752K, used 82413K [0x00000000eab00000, 0x00000000f4180000, 0x0000000100000000)
  eden space 126464K, 56% used [0x00000000eab00000,0x00000000ef09e2d8,0x00000000f2680000)
  from space 12288K, 90% used [0x00000000f3500000,0x00000000f3fdd370,0x00000000f4100000)
  to   space 13824K, 0% used [0x00000000f2680000,0x00000000f2680000,0x00000000f3400000)
 ParOldGen       total 58880K, used 11216K [0x00000000c0000000, 0x00000000c3980000, 0x00000000eab00000)
  object space 58880K, 19% used [0x00000000c0000000,0x00000000c0af42a0,0x00000000c3980000)
 Metaspace       used 34670K, capacity 35404K, committed 35496K, reserved 1079296K
  class space    used 4589K, capacity 4808K, committed 4864K, reserved 1048576K
Event: 10.264 GC heap after
Heap after GC invocations=12 (full 1):
 PSYoungGen      total 140288K, used 4702K [0x00000000eab00000, 0x00000000f7080000, 0x0000000100000000)
  eden space 126464K, 0% used [0x00000000eab00000,0x00000000eab00000,0x00000000f2680000)
  from space 13824K, 34% used [0x00000000f2680000,0x00000000f2b17ae8,0x00000000f3400000)
  to   space 13312K, 0% used [0x00000000f6380000,0x00000000f6380000,0x00000000f7080000)
 ParOldGen       total 58880K, used 18537K [0x00000000c0000000, 0x00000000c3980000, 0x00000000eab00000)
  object space 58880K, 31% used [0x00000000c0000000,0x00000000c121a770,0x00000000c3980000)
 Metaspace       used 34670K, capacity 35404K, committed 35496K, reserved 1079296K
  class space    used 4589K, capacity 4808K, committed 4864K, reserved 1048576K
}
Event: 10.264 GC heap before
{Heap before GC invocations=13 (full 2):
 PSYoungGen      total 140288K, used 4702K [0x00000000eab00000, 0x00000000f7080000, 0x0000000100000000)
  eden space 126464K, 0% used [0x00000000eab00000,0x00000000eab00000,0x00000000f2680000)
  from space 13824K, 34% used [0x00000000f2680000,0x00000000f2b17ae8,0x00000000f3400000)
  to   space 13312K, 0% used [0x00000000f6380000,0x00000000f6380000,0x00000000f7080000)
 ParOldGen       total 58880K, used 18537K [0x00000000c0000000, 0x00000000c3980000, 0x00000000eab00000)
  object space 58880K, 31% used [0x00000000c0000000,0x00000000c121a770,0x00000000c3980000)
 Metaspace       used 34670K, capacity 35404K, committed 35496K, reserved 1079296K
  class space    used 4589K, capacity 4808K, committed 4864K, reserved 1048576K
Event: 10.344 GC heap after
Heap after GC invocations=13 (full 2):
 PSYoungGen      total 140288K, used 0K [0x00000000eab00000, 0x00000000f7080000, 0x0000000100000000)
  eden space 126464K, 0% used [0x00000000eab00000,0x00000000eab00000,0x00000000f2680000)
  from space 13824K, 0% used [0x00000000f2680000,0x00000000f2680000,0x00000000f3400000)
  to   space 13312K, 0% used [0x00000000f6380000,0x00000000f6380000,0x00000000f7080000)
 ParOldGen       total 90624K, used 18866K [0x00000000c0000000, 0x00000000c5880000, 0x00000000eab00000)
  object space 90624K, 20% used [0x00000000c0000000,0x00000000c126c960,0x00000000c5880000)
 Metaspace       used 34623K, capacity 35288K, committed 35496K, reserved 1079296K
  class space    used 4575K, capacity 4792K, committed 4864K, reserved 1048576K
}

