# JRE version: Java(TM) SE Runtime Environment (8.0_73-b02) (build 1.8.0_73-b02)
# Java VM: Java HotSpot(TM) 64-Bit Server VM (25.73-b02 mixed mode windows-amd64 compressed oops)
Heap:
 PSYoungGen      total 186368K, used 75813K [0x00000000eab00000, 0x00000000f9080000, 0x0000000100000000)
  eden space 182784K, 39% used [0x00000000eab00000,0x00000000ef1a95c0,0x00000000f5d80000)
  from space 3584K, 96% used [0x00000000f6400000,0x00000000f6760020,0x00000000f6780000)
  to   space 26112K, 0% used [0x00000000f7700000,0x00000000f7700000,0x00000000f9080000)
 ParOldGen       total 101376K, used 38503K [0x00000000c0000000, 0x00000000c6300000, 0x00000000eab00000)
  object space 101376K, 37% used [0x00000000c0000000,0x00000000c2599e30,0x00000000c6300000)
 Metaspace       used 66958K, capacity 71048K, committed 74624K, reserved 1114112K
  class space    used 8698K, capacity 9244K, committed 10368K, reserved 1048576K
GC Heap History (10 events):
Event: 4449.573 GC heap before
{Heap before GC invocations=37 (full 7):
 PSYoungGen      total 224256K, used 195072K [0x00000000eab00000, 0x00000000fa280000, 0x0000000100000000)
  eden space 195072K, 100% used [0x00000000eab00000,0x00000000f6980000,0x00000000f6980000)
  from space 29184K, 0% used [0x00000000f6980000,0x00000000f6980000,0x00000000f8600000)
  to   space 29184K, 0% used [0x00000000f8600000,0x00000000f8600000,0x00000000fa280000)
 ParOldGen       total 101376K, used 37895K [0x00000000c0000000, 0x00000000c6300000, 0x00000000eab00000)
  object space 101376K, 37% used [0x00000000c0000000,0x00000000c2501ce0,0x00000000c6300000)
 Metaspace       used 64313K, capacity 67156K, committed 74240K, reserved 1114112K
  class space    used 8307K, capacity 8731K, committed 10240K, reserved 1048576K
Event: 4449.579 GC heap after
Heap after GC invocations=37 (full 7):
 PSYoungGen      total 225280K, used 5504K [0x00000000eab00000, 0x00000000fa480000, 0x0000000100000000)
  eden space 196096K, 0% used [0x00000000eab00000,0x00000000eab00000,0x00000000f6a80000)
  from space 29184K, 18% used [0x00000000f8600000,0x00000000f8b60000,0x00000000fa280000)
  to   space 28160K, 0% used [0x00000000f6a80000,0x00000000f6a80000,0x00000000f8600000)
 ParOldGen       total 101376K, used 37903K [0x00000000c0000000, 0x00000000c6300000, 0x00000000eab00000)
  object space 101376K, 37% used [0x00000000c0000000,0x00000000c2503ce0,0x00000000c6300000)
 Metaspace       used 64313K, capacity 67156K, committed 74240K, reserved 1114112K
  class space    used 8307K, capacity 8731K, committed 10240K, reserved 1048576K
}
Event: 4684.166 GC heap before
{Heap before GC invocations=38 (full 7):
 PSYoungGen      total 225280K, used 201600K [0x00000000eab00000, 0x00000000fa480000, 0x0000000100000000)
  eden space 196096K, 100% used [0x00000000eab00000,0x00000000f6a80000,0x00000000f6a80000)
  from space 29184K, 18% used [0x00000000f8600000,0x00000000f8b60000,0x00000000fa280000)
  to   space 28160K, 0% used [0x00000000f6a80000,0x00000000f6a80000,0x00000000f8600000)
 ParOldGen       total 101376K, used 37903K [0x00000000c0000000, 0x00000000c6300000, 0x00000000eab00000)
  object space 101376K, 37% used [0x00000000c0000000,0x00000000c2503ce0,0x00000000c6300000)
 Metaspace       used 64692K, capacity 67796K, committed 74240K, reserved 1114112K
  class space    used 8349K, capacity 8799K, committed 10240K, reserved 1048576K
Event: 4684.178 GC heap after
Heap after GC invocations=38 (full 7):
 PSYoungGen      total 201728K, used 11906K [0x00000000eab00000, 0x00000000f9900000, 0x0000000100000000)
  eden space 189440K, 0% used [0x00000000eab00000,0x00000000eab00000,0x00000000f6400000)
  from space 12288K, 96% used [0x00000000f6a80000,0x00000000f7620a10,0x00000000f7680000)
  to   space 27136K, 0% used [0x00000000f7e80000,0x00000000f7e80000,0x00000000f9900000)
 ParOldGen       total 101376K, used 37911K [0x00000000c0000000, 0x00000000c6300000, 0x00000000eab00000)
  object space 101376K, 37% used [0x00000000c0000000,0x00000000c2505ce0,0x00000000c6300000)
 Metaspace       used 64692K, capacity 67796K, committed 74240K, reserved 1114112K
  class space    used 8349K, capacity 8799K, committed 10240K, reserved 1048576K
}
Event: 4685.247 GC heap before
{Heap before GC invocations=39 (full 7):
 PSYoungGen      total 201728K, used 45980K [0x00000000eab00000, 0x00000000f9900000, 0x0000000100000000)
  eden space 189440K, 17% used [0x00000000eab00000,0x00000000ecc46760,0x00000000f6400000)
  from space 12288K, 96% used [0x00000000f6a80000,0x00000000f7620a10,0x00000000f7680000)
  to   space 27136K, 0% used [0x00000000f7e80000,0x00000000f7e80000,0x00000000f9900000)
 ParOldGen       total 101376K, used 37911K [0x00000000c0000000, 0x00000000c6300000, 0x00000000eab00000)
  object space 101376K, 37% used [0x00000000c0000000,0x00000000c2505ce0,0x00000000c6300000)
 Metaspace       used 64744K, capacity 67862K, committed 74240K, reserved 1114112K
  class space    used 8355K, capacity 8810K, committed 10240K, reserved 1048576K
Event: 4685.251 GC heap after
Heap after GC invocations=39 (full 7):
 PSYoungGen      total 215552K, used 4427K [0x00000000eab00000, 0x00000000f9800000, 0x0000000100000000)
  eden space 189440K, 0% used [0x00000000eab00000,0x00000000eab00000,0x00000000f6400000)
  from space 26112K, 16% used [0x00000000f7e80000,0x00000000f82d2d80,0x00000000f9800000)
  to   space 26624K, 0% used [0x00000000f6400000,0x00000000f6400000,0x00000000f7e00000)
 ParOldGen       total 101376K, used 37911K [0x00000000c0000000, 0x00000000c6300000, 0x00000000eab00000)
  object space 101376K, 37% used [0x00000000c0000000,0x00000000c2505ce0,0x00000000c6300000)
 Metaspace       used 64744K, capacity 67862K, committed 74240K, reserved 1114112K
  class space    used 8355K, capacity 8810K, committed 10240K, reserved 1048576K
}
Event: 4685.251 GC heap before
{Heap before GC invocations=40 (full 8):
 PSYoungGen      total 215552K, used 4427K [0x00000000eab00000, 0x00000000f9800000, 0x0000000100000000)
  eden space 189440K, 0% used [0x00000000eab00000,0x00000000eab00000,0x00000000f6400000)
  from space 26112K, 16% used [0x00000000f7e80000,0x00000000f82d2d80,0x00000000f9800000)
  to   space 26624K, 0% used [0x00000000f6400000,0x00000000f6400000,0x00000000f7e00000)
 ParOldGen       total 101376K, used 37911K [0x00000000c0000000, 0x00000000c6300000, 0x00000000eab00000)
  object space 101376K, 37% used [0x00000000c0000000,0x00000000c2505ce0,0x00000000c6300000)
 Metaspace       used 64744K, capacity 67862K, committed 74240K, reserved 1114112K
  class space    used 8355K, capacity 8810K, committed 10240K, reserved 1048576K
Event: 4685.536 GC heap after
Heap after GC invocations=40 (full 8):
 PSYoungGen      total 215552K, used 0K [0x00000000eab00000, 0x00000000f9800000, 0x0000000100000000)
  eden space 189440K, 0% used [0x00000000eab00000,0x00000000eab00000,0x00000000f6400000)
  from space 26112K, 0% used [0x00000000f7e80000,0x00000000f7e80000,0x00000000f9800000)
  to   space 26624K, 0% used [0x00000000f6400000,0x00000000f6400000,0x00000000f7e00000)
 ParOldGen       total 101376K, used 38495K [0x00000000c0000000, 0x00000000c6300000, 0x00000000eab00000)
  object space 101376K, 37% used [0x00000000c0000000,0x00000000c2597e30,0x00000000c6300000)
 Metaspace       used 64744K, capacity 67862K, committed 74240K, reserved 1114112K
  class space    used 8355K, capacity 8810K, committed 10240K, reserved 1048576K
}
Event: 9572.616 GC heap before
{Heap before GC invocations=41 (full 8):
 PSYoungGen      total 215552K, used 189440K [0x00000000eab00000, 0x00000000f9800000, 0x0000000100000000)
  eden space 189440K, 100% used [0x00000000eab00000,0x00000000f6400000,0x00000000f6400000)
  from space 26112K, 0% used [0x00000000f7e80000,0x00000000f7e80000,0x00000000f9800000)
  to   space 26624K, 0% used [0x00000000f6400000,0x00000000f6400000,0x00000000f7e00000)
 ParOldGen       total 101376K, used 38495K [0x00000000c0000000, 0x00000000c6300000, 0x00000000eab00000)
  object space 101376K, 37% used [0x00000000c0000000,0x00000000c2597e30,0x00000000c6300000)
 Metaspace       used 65419K, capacity 69360K, committed 74496K, reserved 1114112K
  class space    used 8488K, capacity 9034K, committed 10240K, reserved 1048576K
Event: 9572.620 GC heap after
Heap after GC invocations=41 (full 8):
 PSYoungGen      total 186368K, used 3456K [0x00000000eab00000, 0x00000000f9080000, 0x0000000100000000)
  eden space 182784K, 0% used [0x00000000eab00000,0x00000000eab00000,0x00000000f5d80000)
  from space 3584K, 96% used [0x00000000f6400000,0x00000000f6760020,0x00000000f6780000)
  to   space 26112K, 0% used [0x00000000f7700000,0x00000000f7700000,0x00000000f9080000)
 ParOldGen       total 101376K, used 38503K [0x00000000c0000000, 0x00000000c6300000, 0x00000000eab00000)
  object space 101376K, 37% used [0x00000000c0000000,0x00000000c2599e30,0x00000000c6300000)
 Metaspace       used 65419K, capacity 69360K, committed 74496K, reserved 1114112K
  class space    used 8488K, capacity 9034K, committed 10240K, reserved 1048576K
}

