# JRE version: Java(TM) SE Runtime Environment (8.0_73-b02) (build 1.8.0_73-b02)
# Java VM: Java HotSpot(TM) 64-Bit Server VM (25.73-b02 mixed mode windows-amd64 compressed oops)
Heap:
 PSYoungGen      total 128000K, used 34860K [0x00000000eab00000, 0x00000000f3d00000, 0x0000000100000000)
  eden space 109568K, 28% used [0x00000000eab00000,0x00000000ec96b478,0x00000000f1600000)
  from space 18432K, 20% used [0x00000000f1600000,0x00000000f199fe38,0x00000000f2800000)
  to   space 17408K, 0% used [0x00000000f2c00000,0x00000000f2c00000,0x00000000f3d00000)
 ParOldGen       total 116736K, used 45062K [0x00000000c0000000, 0x00000000c7200000, 0x00000000eab00000)
  object space 116736K, 38% used [0x00000000c0000000,0x00000000c2c01950,0x00000000c7200000)
 Metaspace       used 63788K, capacity 67068K, committed 67200K, reserved 1107968K
  class space    used 8590K, capacity 9303K, committed 9344K, reserved 1048576K
GC Heap History (10 events):
Event: 1276.283 GC heap before
{Heap before GC invocations=28 (full 4):
 PSYoungGen      total 119296K, used 24912K [0x00000000eab00000, 0x00000000f3800000, 0x0000000100000000)
  eden space 99328K, 19% used [0x00000000eab00000,0x00000000ebe5e6e0,0x00000000f0c00000)
  from space 19968K, 25% used [0x00000000f0c00000,0x00000000f10f5930,0x00000000f1f80000)
  to   space 19456K, 0% used [0x00000000f2500000,0x00000000f2500000,0x00000000f3800000)
 ParOldGen       total 116736K, used 42808K [0x00000000c0000000, 0x00000000c7200000, 0x00000000eab00000)
  object space 116736K, 36% used [0x00000000c0000000,0x00000000c29ce0e8,0x00000000c7200000)
 Metaspace       used 61594K, capacity 64318K, committed 64512K, reserved 1105920K
  class space    used 8324K, capacity 8940K, committed 8960K, reserved 1048576K
Event: 1276.286 GC heap after
Heap after GC invocations=28 (full 4):
 PSYoungGen      total 123904K, used 4078K [0x00000000eab00000, 0x00000000f3700000, 0x0000000100000000)
  eden space 105472K, 0% used [0x00000000eab00000,0x00000000eab00000,0x00000000f1200000)
  from space 18432K, 22% used [0x00000000f2500000,0x00000000f28fb8e8,0x00000000f3700000)
  to   space 18944K, 0% used [0x00000000f1200000,0x00000000f1200000,0x00000000f2480000)
 ParOldGen       total 116736K, used 42816K [0x00000000c0000000, 0x00000000c7200000, 0x00000000eab00000)
  object space 116736K, 36% used [0x00000000c0000000,0x00000000c29d00e8,0x00000000c7200000)
 Metaspace       used 61594K, capacity 64318K, committed 64512K, reserved 1105920K
  class space    used 8324K, capacity 8940K, committed 8960K, reserved 1048576K
}
Event: 1276.286 GC heap before
{Heap before GC invocations=29 (full 5):
 PSYoungGen      total 123904K, used 4078K [0x00000000eab00000, 0x00000000f3700000, 0x0000000100000000)
  eden space 105472K, 0% used [0x00000000eab00000,0x00000000eab00000,0x00000000f1200000)
  from space 18432K, 22% used [0x00000000f2500000,0x00000000f28fb8e8,0x00000000f3700000)
  to   space 18944K, 0% used [0x00000000f1200000,0x00000000f1200000,0x00000000f2480000)
 ParOldGen       total 116736K, used 42816K [0x00000000c0000000, 0x00000000c7200000, 0x00000000eab00000)
  object space 116736K, 36% used [0x00000000c0000000,0x00000000c29d00e8,0x00000000c7200000)
 Metaspace       used 61594K, capacity 64318K, committed 64512K, reserved 1105920K
  class space    used 8324K, capacity 8940K, committed 8960K, reserved 1048576K
Event: 1276.729 GC heap after
Heap after GC invocations=29 (full 5):
 PSYoungGen      total 123904K, used 0K [0x00000000eab00000, 0x00000000f3700000, 0x0000000100000000)
  eden space 105472K, 0% used [0x00000000eab00000,0x00000000eab00000,0x00000000f1200000)
  from space 18432K, 0% used [0x00000000f2500000,0x00000000f2500000,0x00000000f3700000)
  to   space 18944K, 0% used [0x00000000f1200000,0x00000000f1200000,0x00000000f2480000)
 ParOldGen       total 116736K, used 45038K [0x00000000c0000000, 0x00000000c7200000, 0x00000000eab00000)
  object space 116736K, 38% used [0x00000000c0000000,0x00000000c2bfb950,0x00000000c7200000)
 Metaspace       used 61507K, capacity 64082K, committed 64512K, reserved 1105920K
  class space    used 8300K, capacity 8884K, committed 8960K, reserved 1048576K
}
Event: 1311.935 GC heap before
{Heap before GC invocations=30 (full 5):
 PSYoungGen      total 123904K, used 105472K [0x00000000eab00000, 0x00000000f3700000, 0x0000000100000000)
  eden space 105472K, 100% used [0x00000000eab00000,0x00000000f1200000,0x00000000f1200000)
  from space 18432K, 0% used [0x00000000f2500000,0x00000000f2500000,0x00000000f3700000)
  to   space 18944K, 0% used [0x00000000f1200000,0x00000000f1200000,0x00000000f2480000)
 ParOldGen       total 116736K, used 45038K [0x00000000c0000000, 0x00000000c7200000, 0x00000000eab00000)
  object space 116736K, 38% used [0x00000000c0000000,0x00000000c2bfb950,0x00000000c7200000)
 Metaspace       used 61756K, capacity 64528K, committed 64768K, reserved 1105920K
  class space    used 8335K, capacity 8924K, committed 8960K, reserved 1048576K
Event: 1311.938 GC heap after
Heap after GC invocations=30 (full 5):
 PSYoungGen      total 124416K, used 1520K [0x00000000eab00000, 0x00000000f3c00000, 0x0000000100000000)
  eden space 105472K, 0% used [0x00000000eab00000,0x00000000eab00000,0x00000000f1200000)
  from space 18944K, 8% used [0x00000000f1200000,0x00000000f137c010,0x00000000f2480000)
  to   space 18944K, 0% used [0x00000000f2980000,0x00000000f2980000,0x00000000f3c00000)
 ParOldGen       total 116736K, used 45046K [0x00000000c0000000, 0x00000000c7200000, 0x00000000eab00000)
  object space 116736K, 38% used [0x00000000c0000000,0x00000000c2bfd950,0x00000000c7200000)
 Metaspace       used 61756K, capacity 64528K, committed 64768K, reserved 1105920K
  class space    used 8335K, capacity 8924K, committed 8960K, reserved 1048576K
}
Event: 1335.620 GC heap before
{Heap before GC invocations=31 (full 5):
 PSYoungGen      total 124416K, used 106992K [0x00000000eab00000, 0x00000000f3c00000, 0x0000000100000000)
  eden space 105472K, 100% used [0x00000000eab00000,0x00000000f1200000,0x00000000f1200000)
  from space 18944K, 8% used [0x00000000f1200000,0x00000000f137c010,0x00000000f2480000)
  to   space 18944K, 0% used [0x00000000f2980000,0x00000000f2980000,0x00000000f3c00000)
 ParOldGen       total 116736K, used 45046K [0x00000000c0000000, 0x00000000c7200000, 0x00000000eab00000)
  object space 116736K, 38% used [0x00000000c0000000,0x00000000c2bfd950,0x00000000c7200000)
 Metaspace       used 62031K, capacity 64916K, committed 65152K, reserved 1105920K
  class space    used 8364K, capacity 9020K, committed 9088K, reserved 1048576K
Event: 1335.623 GC heap after
Heap after GC invocations=31 (full 5):
 PSYoungGen      total 126464K, used 3822K [0x00000000eab00000, 0x00000000f3a00000, 0x0000000100000000)
  eden space 109568K, 0% used [0x00000000eab00000,0x00000000eab00000,0x00000000f1600000)
  from space 16896K, 22% used [0x00000000f2980000,0x00000000f2d3b8d8,0x00000000f3a00000)
  to   space 18432K, 0% used [0x00000000f1600000,0x00000000f1600000,0x00000000f2800000)
 ParOldGen       total 116736K, used 45054K [0x00000000c0000000, 0x00000000c7200000, 0x00000000eab00000)
  object space 116736K, 38% used [0x00000000c0000000,0x00000000c2bff950,0x00000000c7200000)
 Metaspace       used 62031K, capacity 64916K, committed 65152K, reserved 1105920K
  class space    used 8364K, capacity 9020K, committed 9088K, reserved 1048576K
}
Event: 1336.229 GC heap before
{Heap before GC invocations=32 (full 5):
 PSYoungGen      total 126464K, used 113390K [0x00000000eab00000, 0x00000000f3a00000, 0x0000000100000000)
  eden space 109568K, 100% used [0x00000000eab00000,0x00000000f1600000,0x00000000f1600000)
  from space 16896K, 22% used [0x00000000f2980000,0x00000000f2d3b8d8,0x00000000f3a00000)
  to   space 18432K, 0% used [0x00000000f1600000,0x00000000f1600000,0x00000000f2800000)
 ParOldGen       total 116736K, used 45054K [0x00000000c0000000, 0x00000000c7200000, 0x00000000eab00000)
  object space 116736K, 38% used [0x00000000c0000000,0x00000000c2bff950,0x00000000c7200000)
 Metaspace       used 62427K, capacity 65764K, committed 66048K, reserved 1105920K
  class space    used 8410K, capacity 9133K, committed 9216K, reserved 1048576K
Event: 1336.233 GC heap after
Heap after GC invocations=32 (full 5):
 PSYoungGen      total 128000K, used 3711K [0x00000000eab00000, 0x00000000f3d00000, 0x0000000100000000)
  eden space 109568K, 0% used [0x00000000eab00000,0x00000000eab00000,0x00000000f1600000)
  from space 18432K, 20% used [0x00000000f1600000,0x00000000f199fe38,0x00000000f2800000)
  to   space 17408K, 0% used [0x00000000f2c00000,0x00000000f2c00000,0x00000000f3d00000)
 ParOldGen       total 116736K, used 45062K [0x00000000c0000000, 0x00000000c7200000, 0x00000000eab00000)
  object space 116736K, 38% used [0x00000000c0000000,0x00000000c2c01950,0x00000000c7200000)
 Metaspace       used 62427K, capacity 65764K, committed 66048K, reserved 1105920K
  class space    used 8410K, capacity 9133K, committed 9216K, reserved 1048576K
}

